# JRE version: OpenJDK Runtime Environment (8.0_76-b03) (build 1.8.0_76-release-b03)
# Java VM: OpenJDK 64-Bit Server VM (25.76-b03 mixed mode linux-amd64 compressed oops)
Heap:
 PSYoungGen      total 414208K, used 0K [0x00000000e0000000, 0x0000000100000000, 0x0000000100000000)
  eden space 367616K, 0% used [0x00000000e0000000,0x00000000e0000000,0x00000000f6700000)
  from space 46592K, 0% used [0x00000000f6700000,0x00000000f6700000,0x00000000f9480000)
  to   space 53760K, 0% used [0x00000000fcb80000,0x00000000fcb80000,0x0000000100000000)
 ParOldGen       total 124416K, used 115446K [0x00000000a0000000, 0x00000000a7980000, 0x00000000e0000000)
  object space 124416K, 92% used [0x00000000a0000000,0x00000000a70bdbc0,0x00000000a7980000)
 Metaspace       used 64797K, capacity 66500K, committed 66688K, reserved 1107968K
  class space    used 8318K, capacity 8718K, committed 8832K, reserved 1048576K
GC Heap History (10 events):
Event: 294.962 GC heap after
Heap after GC invocations=14 (full 3):
 PSYoungGen      total 249856K, used 0K [0x00000000e0000000, 0x00000000f4500000, 0x0000000100000000)
  eden space 229376K, 0% used [0x00000000e0000000,0x00000000e0000000,0x00000000ee000000)
  from space 20480K, 0% used [0x00000000ee000000,0x00000000ee000000,0x00000000ef400000)
  to   space 20480K, 0% used [0x00000000f3100000,0x00000000f3100000,0x00000000f4500000)
 ParOldGen       total 124416K, used 37055K [0x00000000a0000000, 0x00000000a7980000, 0x00000000e0000000)
  object space 124416K, 29% used [0x00000000a0000000,0x00000000a242ff48,0x00000000a7980000)
 Metaspace       used 57477K, capacity 58966K, committed 59160K, reserved 1099776K
  class space    used 7595K, capacity 7963K, committed 8064K, reserved 1048576K
}
Event: 796.126 GC heap before
{Heap before GC invocations=15 (full 3):
 PSYoungGen      total 249856K, used 228403K [0x00000000e0000000, 0x00000000f4500000, 0x0000000100000000)
  eden space 229376K, 99% used [0x00000000e0000000,0x00000000edf0cdc0,0x00000000ee000000)
  from space 20480K, 0% used [0x00000000ee000000,0x00000000ee000000,0x00000000ef400000)
  to   space 20480K, 0% used [0x00000000f3100000,0x00000000f3100000,0x00000000f4500000)
 ParOldGen       total 124416K, used 37055K [0x00000000a0000000, 0x00000000a7980000, 0x00000000e0000000)
  object space 124416K, 29% used [0x00000000a0000000,0x00000000a242ff48,0x00000000a7980000)
 Metaspace       used 60568K, capacity 62206K, committed 62336K, reserved 1103872K
  class space    used 7931K, capacity 8305K, committed 8320K, reserved 1048576K
Event: 796.143 GC heap after
Heap after GC invocations=15 (full 3):
 PSYoungGen      total 312320K, used 12491K [0x00000000e0000000, 0x00000000f4880000, 0x0000000100000000)
  eden space 291840K, 0% used [0x00000000e0000000,0x00000000e0000000,0x00000000f1d00000)
  from space 20480K, 60% used [0x00000000f3100000,0x00000000f3d32e98,0x00000000f4500000)
  to   space 20480K, 0% used [0x00000000f1d00000,0x00000000f1d00000,0x00000000f3100000)
 ParOldGen       total 124416K, used 37063K [0x00000000a0000000, 0x00000000a7980000, 0x00000000e0000000)
  object space 124416K, 29% used [0x00000000a0000000,0x00000000a2431f48,0x00000000a7980000)
 Metaspace       used 60568K, capacity 62206K, committed 62336K, reserved 1103872K
  class space    used 7931K, capacity 8305K, committed 8320K, reserved 1048576K
}
Event: 798.398 GC heap before
{Heap before GC invocations=16 (full 3):
 PSYoungGen      total 312320K, used 304331K [0x00000000e0000000, 0x00000000f4880000, 0x0000000100000000)
  eden space 291840K, 100% used [0x00000000e0000000,0x00000000f1d00000,0x00000000f1d00000)
  from space 20480K, 60% used [0x00000000f3100000,0x00000000f3d32e98,0x00000000f4500000)
  to   space 20480K, 0% used [0x00000000f1d00000,0x00000000f1d00000,0x00000000f3100000)
 ParOldGen       total 124416K, used 37063K [0x00000000a0000000, 0x00000000a7980000, 0x00000000e0000000)
  object space 124416K, 29% used [0x00000000a0000000,0x00000000a2431f48,0x00000000a7980000)
 Metaspace       used 64475K, capacity 66186K, committed 66432K, reserved 1107968K
  class space    used 8317K, capacity 8719K, committed 8832K, reserved 1048576K
Event: 798.489 GC heap after
Heap after GC invocations=16 (full 3):
 PSYoungGen      total 312320K, used 20460K [0x00000000e0000000, 0x00000000fb400000, 0x0000000100000000)
  eden space 291840K, 0% used [0x00000000e0000000,0x00000000e0000000,0x00000000f1d00000)
  from space 20480K, 99% used [0x00000000f1d00000,0x00000000f30fb188,0x00000000f3100000)
  to   space 32256K, 0% used [0x00000000f9480000,0x00000000f9480000,0x00000000fb400000)
 ParOldGen       total 124416K, used 61109K [0x00000000a0000000, 0x00000000a7980000, 0x00000000e0000000)
  object space 124416K, 49% used [0x00000000a0000000,0x00000000a3bad4c8,0x00000000a7980000)
 Metaspace       used 64475K, capacity 66186K, committed 66432K, reserved 1107968K
  class space    used 8317K, capacity 8719K, committed 8832K, reserved 1048576K
}
Event: 799.468 GC heap before
{Heap before GC invocations=17 (full 3):
 PSYoungGen      total 312320K, used 312300K [0x00000000e0000000, 0x00000000fb400000, 0x0000000100000000)
  eden space 291840K, 100% used [0x00000000e0000000,0x00000000f1d00000,0x00000000f1d00000)
  from space 20480K, 99% used [0x00000000f1d00000,0x00000000f30fb188,0x00000000f3100000)
  to   space 32256K, 0% used [0x00000000f9480000,0x00000000f9480000,0x00000000fb400000)
 ParOldGen       total 124416K, used 61109K [0x00000000a0000000, 0x00000000a7980000, 0x00000000e0000000)
  object space 124416K, 49% used [0x00000000a0000000,0x00000000a3bad4c8,0x00000000a7980000)
 Metaspace       used 64571K, capacity 66314K, committed 66432K, reserved 1107968K
  class space    used 8317K, capacity 8719K, committed 8832K, reserved 1048576K
Event: 799.574 GC heap after
Heap after GC invocations=17 (full 3):
 PSYoungGen      total 399872K, used 32235K [0x00000000e0000000, 0x00000000fe400000, 0x0000000100000000)
  eden space 367616K, 0% used [0x00000000e0000000,0x00000000e0000000,0x00000000f6700000)
  from space 32256K, 99% used [0x00000000f9480000,0x00000000fb3fade0,0x00000000fb400000)
  to   space 46592K, 0% used [0x00000000f6700000,0x00000000f6700000,0x00000000f9480000)
 ParOldGen       total 124416K, used 85200K [0x00000000a0000000, 0x00000000a7980000, 0x00000000e0000000)
  object space 124416K, 68% used [0x00000000a0000000,0x00000000a5334090,0x00000000a7980000)
 Metaspace       used 64571K, capacity 66314K, committed 66432K, reserved 1107968K
  class space    used 8317K, capacity 8719K, committed 8832K, reserved 1048576K
}
Event: 800.764 GC heap before
{Heap before GC invocations=18 (full 3):
 PSYoungGen      total 399872K, used 399851K [0x00000000e0000000, 0x00000000fe400000, 0x0000000100000000)
  eden space 367616K, 100% used [0x00000000e0000000,0x00000000f6700000,0x00000000f6700000)
  from space 32256K, 99% used [0x00000000f9480000,0x00000000fb3fade0,0x00000000fb400000)
  to   space 46592K, 0% used [0x00000000f6700000,0x00000000f6700000,0x00000000f9480000)
 ParOldGen       total 124416K, used 85200K [0x00000000a0000000, 0x00000000a7980000, 0x00000000e0000000)
  object space 124416K, 68% used [0x00000000a0000000,0x00000000a5334090,0x00000000a7980000)
 Metaspace       used 64799K, capacity 66506K, committed 66688K, reserved 1107968K
  class space    used 8319K, capacity 8719K, committed 8832K, reserved 1048576K
Event: 800.898 GC heap after
Heap after GC invocations=18 (full 3):
 PSYoungGen      total 414208K, used 45559K [0x00000000e0000000, 0x0000000100000000, 0x0000000100000000)
  eden space 367616K, 0% used [0x00000000e0000000,0x00000000e0000000,0x00000000f6700000)
  from space 46592K, 97% used [0x00000000f6700000,0x00000000f937dcc0,0x00000000f9480000)
  to   space 53760K, 0% used [0x00000000fcb80000,0x00000000fcb80000,0x0000000100000000)
 ParOldGen       total 124416K, used 108568K [0x00000000a0000000, 0x00000000a7980000, 0x00000000e0000000)
  object space 124416K, 87% used [0x00000000a0000000,0x00000000a6a06008,0x00000000a7980000)
 Metaspace       used 64799K, capacity 66506K, committed 66688K, reserved 1107968K
  class space    used 8319K, capacity 8719K, committed 8832K, reserved 1048576K
}
Event: 800.899 GC heap before
{Heap before GC invocations=19 (full 4):
 PSYoungGen      total 414208K, used 45559K [0x00000000e0000000, 0x0000000100000000, 0x0000000100000000)
  eden space 367616K, 0% used [0x00000000e0000000,0x00000000e0000000,0x00000000f6700000)
  from space 46592K, 97% used [0x00000000f6700000,0x00000000f937dcc0,0x00000000f9480000)
  to   space 53760K, 0% used [0x00000000fcb80000,0x00000000fcb80000,0x0000000100000000)
 ParOldGen       total 124416K, used 108568K [0x00000000a0000000, 0x00000000a7980000, 0x00000000e0000000)
  object space 124416K, 87% used [0x00000000a0000000,0x00000000a6a06008,0x00000000a7980000)
 Metaspace       used 64799K, capacity 66506K, committed 66688K, reserved 1107968K
  class space    used 8319K, capacity 8719K, committed 8832K, reserved 1048576K

